[    11.314] 
X.Org X Server 1.21.1.21
X Protocol Version 11, Revision 0
[    11.314] Current Operating System: Linux kali 6.17.10+kali-amd64 #1 SMP PREEMPT_DYNAMIC Kali 6.17.10-1kali1 (2025-12-08) x86_64
[    11.314] Kernel command line: BOOT_IMAGE=/boot/vmlinuz-6.17.10+kali-amd64 root=UUID=8a84b405-db00-4b28-a5bc-48ecaa65880d ro quiet splash
[    11.314] xorg-server 2:21.1.21-1 (https://www.debian.org/support) 
[    11.314] Current version of pixman: 0.46.4
[    11.314] 	Before reporting problems, check http://wiki.x.org
	to make sure that you have the latest version.
[    11.314] Markers: (--) probed, (**) from config file, (==) default setting,
	(++) from command line, (!!) notice, (II) informational,
	(WW) warning, (EE) error, (NI) not implemented, (??) unknown.
[    11.314] (==) Log file: "/var/log/Xorg.0.log", Time: Sun Jan 11 14:22:38 2026
[    11.318] (==) Using system config directory "/usr/share/X11/xorg.conf.d"
[    11.320] (==) No Layout section.  Using the first Screen section.
[    11.320] (==) No screen section available. Using defaults.
[    11.320] (**) |-->Screen "Default Screen Section" (0)
[    11.320] (**) |   |-->Monitor "<default monitor>"
[    11.320] (==) No monitor specified for screen "Default Screen Section".
	Using a default monitor configuration.
[    11.320] (**) Allowing byte-swapped clients
[    11.320] (==) Automatically adding devices
[    11.320] (==) Automatically enabling devices
[    11.320] (==) Automatically adding GPU devices
[    11.320] (==) Automatically binding GPU devices
[    11.320] (==) Max clients allowed: 256, resource mask: 0x1fffff
[    11.323] (WW) The directory "/usr/share/fonts/X11/cyrillic" does not exist.
[    11.323] 	Entry deleted from font path.
[    11.326] (==) FontPath set to:
	/usr/share/fonts/X11/misc,
	/usr/share/fonts/X11/100dpi/:unscaled,
	/usr/share/fonts/X11/75dpi/:unscaled,
	/usr/share/fonts/X11/Type1,
	/usr/share/fonts/X11/100dpi,
	/usr/share/fonts/X11/75dpi,
	built-ins
[    11.326] (==) ModulePath set to "/usr/lib/xorg/modules"
[    11.326] (II) The server relies on udev to provide the list of input devices.
	If no devices become available, reconfigure udev or disable AutoAddDevices.
[    11.326] (II) Loader magic: 0x55af8938bf20
[    11.326] (II) Module ABI versions:
[    11.326] 	X.Org ANSI C Emulation: 0.4
[    11.326] 	X.Org Video Driver: 25.2
[    11.326] 	X.Org XInput driver : 24.4
[    11.326] 	X.Org Server Extension : 10.0
[    11.328] (++) using VT number 7

[    11.328] (II) systemd-logind: logind integration requires -keeptty and -keeptty was not provided, disabling logind integration
[    11.330] (II) xfree86: Adding drm device (/dev/dri/card0)
[    11.330] (II) Platform probe for /sys/devices/pci0000:00/0000:00:02.0/drm/card0
[    11.334] (--) PCI:*(0@0:2:0) 15ad:0405:15ad:0405 rev 0, Mem @ 0xe0000000/134217728, 0xf0000000/2097152, I/O @ 0x0000d010/16, BIOS @ 0x????????/131072
[    11.334] (II) LoadModule: "glx"
[    11.334] (II) Loading /usr/lib/xorg/modules/extensions/libglx.so
[    11.341] (II) Module glx: vendor="X.Org Foundation"
[    11.341] 	compiled for 1.21.1.21, module version = 1.0.0
[    11.341] 	ABI class: X.Org Server Extension, version 10.0
[    11.341] (==) Matched vmware as autoconfigured driver 0
[    11.341] (==) Matched modesetting as autoconfigured driver 1
[    11.341] (==) Matched fbdev as autoconfigured driver 2
[    11.341] (==) Matched vesa as autoconfigured driver 3
[    11.341] (==) Assigned the driver to the xf86ConfigLayout
[    11.341] (II) LoadModule: "vmware"
[    11.343] (WW) Warning, couldn't open module vmware
[    11.343] (EE) Failed to load module "vmware" (module does not exist, 0)
[    11.343] (II) LoadModule: "modesetting"
[    11.344] (II) Loading /usr/lib/xorg/modules/drivers/modesetting_drv.so
[    11.345] (II) Module modesetting: vendor="X.Org Foundation"
[    11.345] 	compiled for 1.21.1.21, module version = 1.21.1
[    11.345] 	Module class: X.Org Video Driver
[    11.345] 	ABI class: X.Org Video Driver, version 25.2
[    11.345] (II) LoadModule: "fbdev"
[    11.345] (II) Loading /usr/lib/xorg/modules/drivers/fbdev_drv.so
[    11.348] (II) Module fbdev: vendor="X.Org Foundation"
[    11.348] 	compiled for 1.21.1.3, module version = 0.5.0
[    11.348] 	Module class: X.Org Video Driver
[    11.348] 	ABI class: X.Org Video Driver, version 25.2
[    11.348] (II) LoadModule: "vesa"
[    11.348] (II) Loading /usr/lib/xorg/modules/drivers/vesa_drv.so
[    11.349] (II) Module vesa: vendor="X.Org Foundation"
[    11.349] 	compiled for 1.21.1.15, module version = 2.6.0
[    11.349] 	Module class: X.Org Video Driver
[    11.349] 	ABI class: X.Org Video Driver, version 25.2
[    11.349] (II) modesetting: Driver for Modesetting Kernel Drivers: kms
[    11.349] (II) FBDEV: driver for framebuffer: fbdev
[    11.349] (II) VESA: driver for VESA chipsets: vesa
[    11.364] (II) modeset(0): using drv /dev/dri/card0
[    11.364] (WW) Falling back to old probe method for fbdev
[    11.364] (II) Loading sub module "fbdevhw"
[    11.364] (II) LoadModule: "fbdevhw"
[    11.364] (II) Loading /usr/lib/xorg/modules/libfbdevhw.so
[    11.365] (II) Module fbdevhw: vendor="X.Org Foundation"
[    11.365] 	compiled for 1.21.1.21, module version = 0.0.2
[    11.365] 	ABI class: X.Org Video Driver, version 25.2
[    11.366] (II) modeset(0): Creating default Display subsection in Screen section
	"Default Screen Section" for depth/fbbpp 24/32
[    11.366] (==) modeset(0): Depth 24, (==) framebuffer bpp 32
[    11.366] (==) modeset(0): RGB weight 888
[    11.366] (==) modeset(0): Default visual is TrueColor
[    11.366] (II) Loading sub module "glamoregl"
[    11.366] (II) LoadModule: "glamoregl"
[    11.366] (II) Loading /usr/lib/xorg/modules/libglamoregl.so
[    11.375] (II) Module glamoregl: vendor="X.Org Foundation"
[    11.375] 	compiled for 1.21.1.21, module version = 1.0.1
[    11.375] 	ABI class: X.Org ANSI C Emulation, version 0.4
[    11.648] (II) modeset(0): glamor: Using OpenGL 4.5 context.
[    11.648] (II) modeset(0): Refusing to try glamor on llvmpipe
[    11.649] (II) modeset(0): glamor initialization failed
[    11.649] (II) modeset(0): ShadowFB: preferred NO, enabled NO
[    11.650] (II) modeset(0): Output Virtual-1 has no monitor section
[    11.650] (II) modeset(0): Output Virtual-2 has no monitor section
[    11.650] (II) modeset(0): Output Virtual-3 has no monitor section
[    11.650] (II) modeset(0): Output Virtual-4 has no monitor section
[    11.650] (II) modeset(0): Output Virtual-5 has no monitor section
[    11.650] (II) modeset(0): Output Virtual-6 has no monitor section
[    11.650] (II) modeset(0): Output Virtual-7 has no monitor section
[    11.650] (II) modeset(0): Output Virtual-8 has no monitor section
[    11.651] (II) modeset(0): EDID for output Virtual-1
[    11.651] (II) modeset(0): Printing probed modes for output Virtual-1
[    11.651] (II) modeset(0): Modeline "1858x979"x60.0  136.02  1858 1908 1958 2008  979 1029 1079 1129 -hsync +vsync (67.7 kHz eP)
[    11.651] (II) modeset(0): Modeline "4096x2160"x60.0  556.74  4096 4104 4136 4176  2160 2208 2216 2222 +hsync -vsync (133.3 kHz e)
[    11.651] (II) modeset(0): Modeline "4096x2160"x59.9  556.19  4096 4104 4136 4176  2160 2208 2216 2222 +hsync -vsync (133.2 kHz e)
[    11.651] (II) modeset(0): Modeline "2560x1600"x60.0  348.50  2560 2752 3032 3504  1600 1603 1609 1658 -hsync +vsync (99.5 kHz e)
[    11.651] (II) modeset(0): Modeline "2560x1600"x60.0  268.50  2560 2608 2640 2720  1600 1603 1609 1646 +hsync -vsync (98.7 kHz e)
[    11.651] (II) modeset(0): Modeline "1920x1440"x60.0  234.00  1920 2048 2256 2600  1440 1441 1444 1500 -hsync +vsync (90.0 kHz e)
[    11.651] (II) modeset(0): Modeline "1856x1392"x60.0  218.25  1856 1952 2176 2528  1392 1393 1396 1439 -hsync +vsync (86.3 kHz e)
[    11.651] (II) modeset(0): Modeline "1792x1344"x60.0  204.75  1792 1920 2120 2448  1344 1345 1348 1394 -hsync +vsync (83.6 kHz e)
[    11.651] (II) modeset(0): Modeline "2048x1152"x60.0  162.00  2048 2074 2154 2250  1152 1153 1156 1200 +hsync +vsync (72.0 kHz e)
[    11.651] (II) modeset(0): Modeline "1920x1200"x59.9  193.25  1920 2056 2256 2592  1200 1203 1209 1245 -hsync +vsync (74.6 kHz e)
[    11.651] (II) modeset(0): Modeline "1920x1200"x60.0  154.00  1920 1968 2000 2080  1200 1203 1209 1235 +hsync -vsync (74.0 kHz e)
[    11.651] (II) modeset(0): Modeline "1920x1080"x60.0  148.50  1920 2008 2052 2200  1080 1084 1089 1125 -hsync -vsync (67.5 kHz e)
[    11.651] (II) modeset(0): Modeline "1600x1200"x60.0  162.00  1600 1664 1856 2160  1200 1201 1204 1250 +hsync +vsync (75.0 kHz e)
[    11.651] (II) modeset(0): Modeline "1680x1050"x60.0  146.25  1680 1784 1960 2240  1050 1053 1059 1089 -hsync +vsync (65.3 kHz e)
[    11.651] (II) modeset(0): Modeline "1680x1050"x59.9  119.00  1680 1728 1760 1840  1050 1053 1059 1080 +hsync -vsync (64.7 kHz e)
[    11.651] (II) modeset(0): Modeline "1400x1050"x60.0  121.75  1400 1488 1632 1864  1050 1053 1057 1089 -hsync +vsync (65.3 kHz e)
[    11.651] (II) modeset(0): Modeline "1400x1050"x59.9  101.00  1400 1448 1480 1560  1050 1053 1057 1080 +hsync -vsync (64.7 kHz e)
[    11.651] (II) modeset(0): Modeline "1600x900"x60.0  108.00  1600 1624 1704 1800  900 901 904 1000 +hsync +vsync (60.0 kHz e)
[    11.651] (II) modeset(0): Modeline "1280x1024"x60.0  108.00  1280 1328 1440 1688  1024 1025 1028 1066 +hsync +vsync (64.0 kHz e)
[    11.651] (II) modeset(0): Modeline "1440x900"x59.9  106.50  1440 1520 1672 1904  900 903 909 934 -hsync +vsync (55.9 kHz e)
[    11.651] (II) modeset(0): Modeline "1440x900"x59.9   88.75  1440 1488 1520 1600  900 903 909 926 +hsync -vsync (55.5 kHz e)
[    11.651] (II) modeset(0): Modeline "1280x960"x60.0  108.00  1280 1376 1488 1800  960 961 964 1000 +hsync +vsync (60.0 kHz e)
[    11.651] (II) modeset(0): Modeline "1366x768"x59.8   85.50  1366 1436 1579 1792  768 771 774 798 +hsync +vsync (47.7 kHz e)
[    11.651] (II) modeset(0): Modeline "1366x768"x60.0   72.00  1366 1380 1436 1500  768 769 772 800 +hsync +vsync (48.0 kHz e)
[    11.651] (II) modeset(0): Modeline "1360x768"x60.0   85.50  1360 1424 1536 1792  768 771 777 795 +hsync +vsync (47.7 kHz e)
[    11.651] (II) modeset(0): Modeline "1280x800"x59.8   83.50  1280 1352 1480 1680  800 803 809 831 -hsync +vsync (49.7 kHz e)
[    11.651] (II) modeset(0): Modeline "1280x800"x59.9   71.00  1280 1328 1360 1440  800 803 809 823 +hsync -vsync (49.3 kHz e)
[    11.651] (II) modeset(0): Modeline "1280x768"x59.9   79.50  1280 1344 1472 1664  768 771 778 798 -hsync +vsync (47.8 kHz e)
[    11.651] (II) modeset(0): Modeline "1280x768"x60.0   68.25  1280 1328 1360 1440  768 771 778 790 +hsync -vsync (47.4 kHz e)
[    11.651] (II) modeset(0): Modeline "1280x720"x60.0   74.25  1280 1390 1430 1650  720 725 730 750 +hsync +vsync (45.0 kHz e)
[    11.651] (II) modeset(0): Modeline "1024x768"x60.0   65.00  1024 1048 1184 1344  768 771 777 806 -hsync -vsync (48.4 kHz e)
[    11.651] (II) modeset(0): Modeline "800x600"x60.3   40.00  800 840 968 1056  600 601 605 628 +hsync +vsync (37.9 kHz e)
[    11.651] (II) modeset(0): Modeline "800x600"x56.2   36.00  800 824 896 1024  600 601 603 625 +hsync +vsync (35.2 kHz e)
[    11.651] (II) modeset(0): Modeline "848x480"x60.0   33.75  848 864 976 1088  480 486 494 517 +hsync +vsync (31.0 kHz e)
[    11.651] (II) modeset(0): Modeline "640x480"x59.9   25.18  640 656 752 800  480 490 492 525 -hsync -vsync (31.5 kHz e)
[    11.651] (II) modeset(0): EDID for output Virtual-2
[    11.651] (II) modeset(0): EDID for output Virtual-3
[    11.651] (II) modeset(0): EDID for output Virtual-4
[    11.651] (II) modeset(0): EDID for output Virtual-5
[    11.651] (II) modeset(0): EDID for output Virtual-6
[    11.651] (II) modeset(0): EDID for output Virtual-7
[    11.651] (II) modeset(0): EDID for output Virtual-8
[    11.651] (II) modeset(0): Output Virtual-1 connected
[    11.651] (II) modeset(0): Output Virtual-2 disconnected
[    11.651] (II) modeset(0): Output Virtual-3 disconnected
[    11.651] (II) modeset(0): Output Virtual-4 disconnected
[    11.651] (II) modeset(0): Output Virtual-5 disconnected
[    11.651] (II) modeset(0): Output Virtual-6 disconnected
[    11.651] (II) modeset(0): Output Virtual-7 disconnected
[    11.651] (II) modeset(0): Output Virtual-8 disconnected
[    11.651] (II) modeset(0): Using exact sizes for initial modes
[    11.651] (II) modeset(0): Output Virtual-1 using initial mode 1858x979 +0+0
[    11.651] (==) modeset(0): Using gamma correction (1.0, 1.0, 1.0)
[    11.651] (==) modeset(0): DPI set to (96, 96)
[    11.651] (II) Loading sub module "fb"
[    11.651] (II) LoadModule: "fb"
[    11.651] (II) Module "fb" already built-in
[    11.651] (II) UnloadModule: "fbdev"
[    11.651] (II) Unloading fbdev
[    11.651] (II) UnloadSubModule: "fbdevhw"
[    11.651] (II) Unloading fbdevhw
[    11.651] (II) UnloadModule: "vesa"
[    11.651] (II) Unloading vesa
[    11.652] (==) modeset(0): Backing store enabled
[    11.652] (==) modeset(0): Silken mouse enabled
[    11.652] (II) modeset(0): Initializing kms color map for depth 24, 8 bpc.
[    11.652] (==) modeset(0): DPMS enabled
[    11.652] (II) Initializing extension Generic Event Extension
[    11.652] (II) Initializing extension SHAPE
[    11.652] (II) Initializing extension MIT-SHM
[    11.652] (II) Initializing extension XInputExtension
[    11.652] (II) Initializing extension XTEST
[    11.652] (II) Initializing extension BIG-REQUESTS
[    11.653] (II) Initializing extension SYNC
[    11.653] (II) Initializing extension XKEYBOARD
[    11.653] (II) Initializing extension XC-MISC
[    11.653] (II) Initializing extension SECURITY
[    11.653] (II) Initializing extension XFIXES
[    11.653] (II) Initializing extension RENDER
[    11.653] (II) Initializing extension RANDR
[    11.653] (II) Initializing extension COMPOSITE
[    11.653] (II) Initializing extension DAMAGE
[    11.653] (II) Initializing extension MIT-SCREEN-SAVER
[    11.654] (II) Initializing extension DOUBLE-BUFFER
[    11.654] (II) Initializing extension RECORD
[    11.654] (II) Initializing extension DPMS
[    11.654] (II) Initializing extension Present
[    11.654] (II) Initializing extension DRI3
[    11.654] (II) Initializing extension X-Resource
[    11.654] (II) Initializing extension XVideo
[    11.654] (II) Initializing extension XVideo-MotionCompensation
[    11.654] (II) Initializing extension SELinux
[    11.654] (II) SELinux: Disabled on system
[    11.654] (II) Initializing extension GLX
[    11.654] (II) AIGLX: Screen 0 is not DRI2 capable
[    11.668] (II) IGLX: Loaded and initialized swrast
[    11.668] (II) GLX: Initialized DRISWRAST GL provider for screen 0
[    11.668] (II) Initializing extension XFree86-VidModeExtension
[    11.668] (II) Initializing extension XFree86-DGA
[    11.669] (II) Initializing extension XFree86-DRI
[    11.669] (II) Initializing extension DRI2
[    11.669] (II) modeset(0): Damage tracking initialized
[    11.669] (II) modeset(0): Setting screen physical size to 491 x 259
[    11.745] (II) config/udev: Adding input device Power Button (/dev/input/event1)
[    11.745] (**) Power Button: Applying InputClass "libinput keyboard catchall"
[    11.745] (II) LoadModule: "libinput"
[    11.745] (II) Loading /usr/lib/xorg/modules/input/libinput_drv.so
[    11.749] (II) Module libinput: vendor="X.Org Foundation"
[    11.749] 	compiled for 1.21.1.15, module version = 1.5.0
[    11.749] 	Module class: X.Org XInput Driver
[    11.749] 	ABI class: X.Org XInput driver, version 24.4
[    11.749] (II) Using input driver 'libinput' for 'Power Button'
[    11.749] (**) Power Button: always reports core events
[    11.749] (**) Option "Device" "/dev/input/event1"
[    11.765] (II) event1  - Power Button: is tagged by udev as: Keyboard
[    11.765] (II) event1  - Power Button: device is a keyboard
[    11.765] (II) event1  - Power Button: device removed
[    11.780] (**) Option "config_info" "udev:/sys/devices/LNXSYSTM:00/LNXPWRBN:00/input/input2/event1"
[    11.780] (II) XINPUT: Adding extended input device "Power Button" (type: KEYBOARD, id 6)
[    11.780] (**) Option "xkb_model" "pc105"
[    11.780] (**) Option "xkb_layout" "us"
[    11.781] (II) event1  - Power Button: is tagged by udev as: Keyboard
[    11.781] (II) event1  - Power Button: device is a keyboard
[    11.781] (II) config/udev: Adding input device Sleep Button (/dev/input/event2)
[    11.781] (**) Sleep Button: Applying InputClass "libinput keyboard catchall"
[    11.781] (II) Using input driver 'libinput' for 'Sleep Button'
[    11.781] (**) Sleep Button: always reports core events
[    11.781] (**) Option "Device" "/dev/input/event2"
[    11.782] (II) event2  - Sleep Button: is tagged by udev as: Keyboard
[    11.782] (II) event2  - Sleep Button: device is a keyboard
[    11.782] (II) event2  - Sleep Button: device removed
[    11.796] (**) Option "config_info" "udev:/sys/devices/LNXSYSTM:00/LNXSLPBN:00/input/input3/event2"
[    11.796] (II) XINPUT: Adding extended input device "Sleep Button" (type: KEYBOARD, id 7)
[    11.796] (**) Option "xkb_model" "pc105"
[    11.796] (**) Option "xkb_layout" "us"
[    11.797] (II) event2  - Sleep Button: is tagged by udev as: Keyboard
[    11.797] (II) event2  - Sleep Button: device is a keyboard
[    11.798] (II) config/udev: Adding input device Video Bus (/dev/input/event4)
[    11.798] (**) Video Bus: Applying InputClass "libinput keyboard catchall"
[    11.798] (II) Using input driver 'libinput' for 'Video Bus'
[    11.798] (**) Video Bus: always reports core events
[    11.798] (**) Option "Device" "/dev/input/event4"
[    11.799] (II) event4  - Video Bus: is tagged by udev as: Keyboard
[    11.799] (II) event4  - Video Bus: device is a keyboard
[    11.799] (II) event4  - Video Bus: device removed
[    11.844] (**) Option "config_info" "udev:/sys/devices/LNXSYSTM:00/LNXSYBUS:00/PNP0A03:00/LNXVIDEO:00/input/input5/event4"
[    11.844] (II) XINPUT: Adding extended input device "Video Bus" (type: KEYBOARD, id 8)
[    11.844] (**) Option "xkb_model" "pc105"
[    11.844] (**) Option "xkb_layout" "us"
[    11.845] (II) event4  - Video Bus: is tagged by udev as: Keyboard
[    11.845] (II) event4  - Video Bus: device is a keyboard
[    11.846] (II) config/udev: Adding input device VirtualBox mouse integration (/dev/input/event6)
[    11.846] (**) VirtualBox mouse integration: Applying InputClass "libinput pointer catchall"
[    11.846] (II) Using input driver 'libinput' for 'VirtualBox mouse integration'
[    11.846] (**) VirtualBox mouse integration: always reports core events
[    11.846] (**) Option "Device" "/dev/input/event6"
[    11.847] (II) event6  - VirtualBox mouse integration: is tagged by udev as: Mouse
[    11.847] (II) event6  - VirtualBox mouse integration: emulating high-resolution scroll wheel events.
[    11.847] (II) event6  - VirtualBox mouse integration: device is a pointer
[    11.847] (II) event6  - VirtualBox mouse integration: device removed
[    11.864] (**) Option "config_info" "udev:/sys/devices/pci0000:00/0000:00:04.0/input/input7/event6"
[    11.864] (II) XINPUT: Adding extended input device "VirtualBox mouse integration" (type: MOUSE, id 9)
[    11.864] (**) Option "AccelerationScheme" "none"
[    11.864] (**) VirtualBox mouse integration: (accel) selected scheme none/0
[    11.864] (**) VirtualBox mouse integration: (accel) acceleration factor: 2.000
[    11.864] (**) VirtualBox mouse integration: (accel) acceleration threshold: 4
[    11.865] (II) event6  - VirtualBox mouse integration: is tagged by udev as: Mouse
[    11.865] (II) event6  - VirtualBox mouse integration: emulating high-resolution scroll wheel events.
[    11.865] (II) event6  - VirtualBox mouse integration: device is a pointer
[    11.866] (II) config/udev: Adding input device VirtualBox mouse integration (/dev/input/js1)
[    11.866] (II) No input driver specified, ignoring this device.
[    11.866] (II) This device may have been added with another device file.
[    11.866] (II) config/udev: Adding input device VirtualBox mouse integration (/dev/input/mouse2)
[    11.866] (II) No input driver specified, ignoring this device.
[    11.866] (II) This device may have been added with another device file.
[    11.867] (II) config/udev: Adding input device VirtualBox USB Tablet (/dev/input/event5)
[    11.867] (**) VirtualBox USB Tablet: Applying InputClass "libinput pointer catchall"
[    11.867] (II) Using input driver 'libinput' for 'VirtualBox USB Tablet'
[    11.867] (**) VirtualBox USB Tablet: always reports core events
[    11.867] (**) Option "Device" "/dev/input/event5"
[    11.922] (II) event5  - VirtualBox USB Tablet: is tagged by udev as: Mouse
[    11.922] (II) event5  - VirtualBox USB Tablet: device is a pointer
[    11.922] (II) event5  - VirtualBox USB Tablet: device removed
[    11.968] (**) Option "config_info" "udev:/sys/devices/pci0000:00/0000:00:06.0/usb1/1-1/1-1:1.0/0003:80EE:0021.0001/input/input6/event5"
[    11.968] (II) XINPUT: Adding extended input device "VirtualBox USB Tablet" (type: MOUSE, id 10)
[    11.968] (**) Option "AccelerationScheme" "none"
[    11.968] (**) VirtualBox USB Tablet: (accel) selected scheme none/0
[    11.968] (**) VirtualBox USB Tablet: (accel) acceleration factor: 2.000
[    11.968] (**) VirtualBox USB Tablet: (accel) acceleration threshold: 4
[    12.025] (II) event5  - VirtualBox USB Tablet: is tagged by udev as: Mouse
[    12.026] (II) event5  - VirtualBox USB Tablet: device is a pointer
[    12.027] (II) config/udev: Adding input device VirtualBox USB Tablet (/dev/input/js0)
[    12.027] (II) No input driver specified, ignoring this device.
[    12.027] (II) This device may have been added with another device file.
[    12.027] (II) config/udev: Adding input device VirtualBox USB Tablet (/dev/input/mouse1)
[    12.027] (II) No input driver specified, ignoring this device.
[    12.027] (II) This device may have been added with another device file.
[    12.028] (II) config/udev: Adding input device AT Translated Set 2 keyboard (/dev/input/event0)
[    12.028] (**) AT Translated Set 2 keyboard: Applying InputClass "libinput keyboard catchall"
[    12.028] (II) Using input driver 'libinput' for 'AT Translated Set 2 keyboard'
[    12.028] (**) AT Translated Set 2 keyboard: always reports core events
[    12.028] (**) Option "Device" "/dev/input/event0"
[    12.029] (II) event0  - AT Translated Set 2 keyboard: is tagged by udev as: Keyboard
[    12.029] (II) event0  - AT Translated Set 2 keyboard: device is a keyboard
[    12.029] (II) event0  - AT Translated Set 2 keyboard: device removed
[    12.044] (**) Option "config_info" "udev:/sys/devices/platform/i8042/serio0/input/input0/event0"
[    12.044] (II) XINPUT: Adding extended input device "AT Translated Set 2 keyboard" (type: KEYBOARD, id 11)
[    12.044] (**) Option "xkb_model" "pc105"
[    12.044] (**) Option "xkb_layout" "us"
[    12.045] (II) event0  - AT Translated Set 2 keyboard: is tagged by udev as: Keyboard
[    12.045] (II) event0  - AT Translated Set 2 keyboard: device is a keyboard
[    12.046] (II) config/udev: Adding input device ImExPS/2 Generic Explorer Mouse (/dev/input/event3)
[    12.046] (**) ImExPS/2 Generic Explorer Mouse: Applying InputClass "libinput pointer catchall"
[    12.046] (II) Using input driver 'libinput' for 'ImExPS/2 Generic Explorer Mouse'
[    12.046] (**) ImExPS/2 Generic Explorer Mouse: always reports core events
[    12.046] (**) Option "Device" "/dev/input/event3"
[    12.047] (II) event3  - ImExPS/2 Generic Explorer Mouse: is tagged by udev as: Mouse
[    12.047] (II) event3  - ImExPS/2 Generic Explorer Mouse: emulating high-resolution scroll wheel events.
[    12.047] (II) event3  - ImExPS/2 Generic Explorer Mouse: device is a pointer
[    12.047] (II) event3  - ImExPS/2 Generic Explorer Mouse: device removed
[    12.092] (II) libinput: ImExPS/2 Generic Explorer Mouse: Step value 0 was provided, libinput Fallback acceleration function is used.
[    12.092] (II) libinput: ImExPS/2 Generic Explorer Mouse: Step value 0 was provided, libinput Fallback acceleration function is used.
[    12.092] (II) libinput: ImExPS/2 Generic Explorer Mouse: Step value 0 was provided, libinput Fallback acceleration function is used.
[    12.092] (**) Option "config_info" "udev:/sys/devices/platform/i8042/serio1/input/input4/event3"
[    12.092] (II) XINPUT: Adding extended input device "ImExPS/2 Generic Explorer Mouse" (type: MOUSE, id 12)
[    12.092] (**) Option "AccelerationScheme" "none"
[    12.092] (**) ImExPS/2 Generic Explorer Mouse: (accel) selected scheme none/0
[    12.092] (**) ImExPS/2 Generic Explorer Mouse: (accel) acceleration factor: 2.000
[    12.092] (**) ImExPS/2 Generic Explorer Mouse: (accel) acceleration threshold: 4
[    12.093] (II) event3  - ImExPS/2 Generic Explorer Mouse: is tagged by udev as: Mouse
[    12.093] (II) event3  - ImExPS/2 Generic Explorer Mouse: emulating high-resolution scroll wheel events.
[    12.093] (II) event3  - ImExPS/2 Generic Explorer Mouse: device is a pointer
[    12.094] (II) config/udev: Adding input device ImExPS/2 Generic Explorer Mouse (/dev/input/mouse0)
[    12.094] (II) No input driver specified, ignoring this device.
[    12.094] (II) This device may have been added with another device file.
[    12.094] (II) config/udev: Adding input device PC Speaker (/dev/input/event7)
[    12.094] (II) No input driver specified, ignoring this device.
[    12.094] (II) This device may have been added with another device file.
[   670.169] (EE) event6  - VirtualBox mouse integration: client bug: event processing lagging behind by 21ms, your system is too slow
[  9732.956] (II) event5  - VirtualBox USB Tablet: device removed
[  9732.978] (II) config/udev: removing device VirtualBox USB Tablet
[  9732.988] (II) UnloadModule: "libinput"
[  9733.949] (II) config/udev: Adding input device VirtualBox USB Tablet (/dev/input/js0)
[  9733.949] (II) No input driver specified, ignoring this device.
[  9733.949] (II) This device may have been added with another device file.
[  9733.951] (II) config/udev: Adding input device VirtualBox USB Tablet (/dev/input/mouse1)
[  9733.951] (II) No input driver specified, ignoring this device.
[  9733.951] (II) This device may have been added with another device file.
[  9734.047] (II) config/udev: Adding input device VirtualBox USB Tablet (/dev/input/event5)
[  9734.047] (**) VirtualBox USB Tablet: Applying InputClass "libinput pointer catchall"
[  9734.047] (II) Using input driver 'libinput' for 'VirtualBox USB Tablet'
[  9734.047] (**) VirtualBox USB Tablet: always reports core events
[  9734.047] (**) Option "Device" "/dev/input/event5"
[  9734.109] (II) event5  - VirtualBox USB Tablet: is tagged by udev as: Mouse
[  9734.110] (II) event5  - VirtualBox USB Tablet: device is a pointer
[  9734.110] (II) event5  - VirtualBox USB Tablet: device removed
[  9734.149] (**) Option "config_info" "udev:/sys/devices/pci0000:00/0000:00:06.0/usb1/1-1/1-1:1.0/0003:80EE:0021.0002/input/input9/event5"
[  9734.149] (II) XINPUT: Adding extended input device "VirtualBox USB Tablet" (type: MOUSE, id 10)
[  9734.155] (**) Option "AccelerationScheme" "none"
[  9734.159] (**) VirtualBox USB Tablet: (accel) selected scheme none/0
[  9734.159] (**) VirtualBox USB Tablet: (accel) acceleration factor: 2.000
[  9734.159] (**) VirtualBox USB Tablet: (accel) acceleration threshold: 4
[  9734.220] (II) event5  - VirtualBox USB Tablet: is tagged by udev as: Mouse
[  9734.221] (II) event5  - VirtualBox USB Tablet: device is a pointer
[  9901.142] (II) event5  - VirtualBox USB Tablet: device removed
[  9901.156] (II) config/udev: removing device VirtualBox USB Tablet
[  9901.169] (II) UnloadModule: "libinput"
[  9902.096] (II) config/udev: Adding input device VirtualBox USB Tablet (/dev/input/js0)
[  9902.096] (II) No input driver specified, ignoring this device.
[  9902.096] (II) This device may have been added with another device file.
[  9902.099] (II) config/udev: Adding input device VirtualBox USB Tablet (/dev/input/mouse1)
[  9902.099] (II) No input driver specified, ignoring this device.
[  9902.099] (II) This device may have been added with another device file.
[  9902.182] (II) config/udev: Adding input device VirtualBox USB Tablet (/dev/input/event5)
[  9902.182] (**) VirtualBox USB Tablet: Applying InputClass "libinput pointer catchall"
[  9902.182] (II) Using input driver 'libinput' for 'VirtualBox USB Tablet'
[  9902.182] (**) VirtualBox USB Tablet: always reports core events
[  9902.182] (**) Option "Device" "/dev/input/event5"
[  9902.238] (II) event5  - VirtualBox USB Tablet: is tagged by udev as: Mouse
[  9902.238] (II) event5  - VirtualBox USB Tablet: device is a pointer
[  9902.239] (II) event5  - VirtualBox USB Tablet: device removed
[  9902.340] (**) Option "config_info" "udev:/sys/devices/pci0000:00/0000:00:06.0/usb1/1-1/1-1:1.0/0003:80EE:0021.0003/input/input10/event5"
[  9902.340] (II) XINPUT: Adding extended input device "VirtualBox USB Tablet" (type: MOUSE, id 10)
[  9902.341] (**) Option "AccelerationScheme" "none"
[  9902.341] (**) VirtualBox USB Tablet: (accel) selected scheme none/0
[  9902.341] (**) VirtualBox USB Tablet: (accel) acceleration factor: 2.000
[  9902.341] (**) VirtualBox USB Tablet: (accel) acceleration threshold: 4
[  9902.403] (II) event5  - VirtualBox USB Tablet: is tagged by udev as: Mouse
[  9902.404] (II) event5  - VirtualBox USB Tablet: device is a pointer
